<?xml version="1.0" encoding="UTF-8"?>
<testng-results skipped="0" failed="0" ignored="0" total="1" passed="1">
  <reporter-output>
  </reporter-output>
  <suite name="Default suite" duration-ms="20661" started-at="2020-07-15T18:42:41 EDT" finished-at="2020-07-15T18:43:02 EDT">
    <groups>
    </groups>
    <test name="Default test" duration-ms="20661" started-at="2020-07-15T18:42:41 EDT" finished-at="2020-07-15T18:43:02 EDT">
      <class name="Framework.homePage">
        <test-method status="PASS" signature="initilize()[pri:0, instance:Framework.homePage@63e2203c]" name="initilize" is-config="true" duration-ms="8441" started-at="2020-07-15T18:42:41 EDT" finished-at="2020-07-15T18:42:49 EDT">
          <reporter-output>
          </reporter-output>
        </test-method> <!-- initilize -->
        <test-method status="PASS" signature="basePageNavigation()[pri:0, instance:Framework.homePage@63e2203c]" name="basePageNavigation" duration-ms="12043" started-at="2020-07-15T18:42:49 EDT" finished-at="2020-07-15T18:43:02 EDT">
          <reporter-output>
          </reporter-output>
        </test-method> <!-- basePageNavigation -->
        <test-method status="PASS" signature="teardown()[pri:0, instance:Framework.homePage@63e2203c]" name="teardown" is-config="true" duration-ms="130" started-at="2020-07-15T18:43:02 EDT" finished-at="2020-07-15T18:43:02 EDT">
          <reporter-output>
          </reporter-output>
        </test-method> <!-- teardown -->
      </class> <!-- Framework.homePage -->
    </test> <!-- Default test -->
  </suite> <!-- Default suite -->
</testng-results>
